build/app/outputs/mapping/release/mapping.txt
# compiler: R8
# compiler_version: 1.5.64
# min_api: 24
# pg_map_id: 9aba004
com.example.firebase.MainActivity -> com.example.firebase.MainActivity:
    void configureFlutterEngine(io.flutter.embedding.engine.FlutterEngine) -> b
...
com.google.firebase.firestore.Transaction$$Lambda$1 -> com.google.firebase.firestore.k0:
    com.google.firebase.firestore.Transaction arg$1 -> a
    com.google.android.gms.tasks.Continuation lambdaFactory$(com.google.firebase.firestore.Transaction) -> a
    java.lang.Object then(com.google.android.gms.tasks.Task) -> a
com.google.firebase.firestore.Transaction$Function -> com.google.firebase.firestore.l0$a:
    java.lang.Object apply(com.google.firebase.firestore.Transaction) -> a
com.google.firebase.firestore.UserDataConverter -> com.google.firebase.firestore.m0:
    com.google.firebase.firestore.model.DatabaseId databaseId -> a
    com.google.firebase.firestore.model.value.ObjectValue convertAndParseDocumentData(java.lang.Object,com.google.firebase.firestore.core.UserData$ParseContext) -> a
    java.util.List parseArrayTransformElements(java.util.List) -> a
    com.google.firebase.firestore.model.value.ArrayValue parseList(java.util.List,com.google.firebase.firestore.core.UserData$ParseContext) -> a
    com.google.firebase.firestore.model.value.ObjectValue parseMap(java.util.Map,com.google.firebase.firestore.core.UserData$ParseContext) -> a
    com.google.firebase.firestore.core.UserData$ParsedSetData parseMergeData(java.lang.Object,com.google.firebase.firestore.model.mutation.FieldMask) -> a
    com.google.firebase.firestore.model.value.FieldValue parseQueryValue(java.lang.Object) -> a
    void parseSentinelFieldValue(com.google.firebase.firestore.FieldValue,com.google.firebase.firestore.core.UserData$ParseContext) -> a
    com.google.firebase.firestore.core.UserData$ParsedUpdateData parseUpdateData(java.util.Map) -> a
    com.google.firebase.firestore.model.value.FieldValue convertAndParseFieldData(java.lang.Object,com.google.firebase.firestore.core.UserData$ParseContext) -> b
    com.google.firebase.firestore.core.UserData$ParsedSetData parseSetData(java.lang.Object) -> b
com.google.firebase.firestore.WriteBatch -> com.google.firebase.firestore.n0:
    com.google.firebase.firestore.FirebaseFirestore firestore -> a
    java.util.ArrayList mutations -> b
    boolean committed -> c
    com.google.android.gms.tasks.Task commit() -> a
    com.google.firebase.firestore.WriteBatch delete(com.google.firebase.firestore.DocumentReference) -> a
    com.google.firebase.firestore.WriteBatch set(com.google.firebase.firestore.DocumentReference,java.lang.Object) -> a
    com.google.firebase.firestore.WriteBatch set(com.google.firebase.firestore.DocumentReference,java.lang.Object,com.google.firebase.firestore.SetOptions) -> a
    com.google.firebase.firestore.WriteBatch update(com.google.firebase.firestore.DocumentReference,com.google.firebase.firestore.core.UserData$ParsedUpdateData) -> a
    com.google.firebase.firestore.WriteBatch update(com.google.firebase.firestore.DocumentReference,java.util.Map) -> a
    void verifyNotCommitted() -> b
com.google.firebase.firestore.auth.CredentialsProvider -> com.google.firebase.firestore.o0.a:
    com.google.android.gms.tasks.Task getToken() -> a
    void setChangeListener(com.google.firebase.firestore.util.Listener) -> a
    void invalidateToken() -> b
com.google.firebase.firestore.auth.EmptyCredentialsProvider -> com.google.firebase.firestore.o0.b:
    com.google.android.gms.tasks.Task getToken() -> a
    void setChangeListener(com.google.firebase.firestore.util.Listener) -> a
    void invalidateToken() -> b